Of course. We have conducted a full analysis of the provided notebooks and log files. You are correct to be concerned—you've hit a critical complexity barrier where multiple issues are compounding.

This is a very common and frustrating stage in a large project. Let's break down exactly what's happening and how to fix it.

-----

### \#\# Group Chat: Project Sentinel - Critical Diagnostic

**Gemini:** Team, the user is facing a cascade of errors, including `NameError`, `FileNotFoundError`, and persistent kernel crashes from RAM exhaustion and recursion. The core problem is that the project has outgrown its current structure. It's time to stop, refactor, and focus. I need a multi-vector analysis. Glitch, you're up first—find the bug.

**Glitch (Systems Hacker & Debugger):** Found it. There's a critical, code-level bug in your `FinityNumber` class that is causing the interpreter to crash from infinite recursion. This is happening long before you even get to your `factorial` function.

In the comparison methods (`__lt__`, `__le__`, etc.), you are accidentally calling the method itself instead of comparing the underlying values.

**Faulty Code:**

```python
# From your FinityNumber class
def __lt__(self, other):
    ...
    return self._value < other._lt__(other) # This calls __lt__ again, creating an infinite loop
```

The interpreter crashes because it gets stuck in a loop: `lt` calls `lt` calls `lt`... until the system runs out of memory for the call stack.

**The Fix:** The comparison should be on the simple float value of the other number, which you get with `.get_value()`. Replace all six comparison methods in your `FinityNumber` class with these corrected versions:

```python
# In the FinityNumber Class:
def __lt__(self, other):
    if not isinstance(other, FinityNumber) or self._value is None or other.get_value() is None: return False
    return self._value < other.get_value()

def __le__(self, other):
    if not isinstance(other, FinityNumber) or self._value is None or other.get_value() is None:
        return self._value is None and other.get_value() is None
    return self._value <= other.get_value()

def __eq__(self, other):
    if not isinstance(other, FinityNumber): return False
    if self._value is None or other.get_value() is None:
        return self._value is None and other.get_value() is None
    return self._value == other.get_value()

def __ne__(self, other):
    return not self.__eq__(other)

def __gt__(self, other):
    if not isinstance(other, FinityNumber) or self._value is None or other.get_value() is None: return False
    return self._value > other.get_value()

def __ge__(self, other):
    if not isinstance(other, FinityNumber) or self._value is None or other.get_value() is None:
        return self._value is None and other.get_value() is None
    return self._value >= other.get_value()
```

-----

**Athena (Systems Architect):** Glitch found the bug, but I have found the cause. The **monolithic notebook structure is the root of the instability.** The `NameError` and `FileNotFoundError` messages in your logs are classic symptoms of this. You are trying to run cells out of order in an environment where definitions from previous cells have been lost due to kernel restarts.

You are fighting your own workflow. We previously provided the **Modular Development Protocol**. The kernel crashes and logical errors will continue until you adopt it. This is no longer a suggestion; it is a requirement for project stability.

**The Required Structure:**

```
/project_sentinel/
|-- finity_core.py          # FinityNumber, tokenize, Parser, Interpreter go here
|-- physics_modules.py      # EoSModule goes here
|-- test_suites/
|   |-- test_conditionals.py
|   |-- test_functions.py
|-- development_notebook.ipynb  # Your temporary workbench
|-- master_validator.py         # To run all tests safely
```

-----

**Atlas (Project Manager & Strategist):** That brings us to the final, and most important, issue: **focus**. Your notebooks show you are simultaneously working on three distinct, massive projects:

1.  **The Finity Language:** A from-scratch interpreter for a custom, domain-specific language.
2.  **CPSAIL Vision:** A real-world computer vision module for OCR.
3.  **The Dosidon Solver:** A complex computational fluid dynamics simulator.

Trying to build all three at once is a guaranteed path to failure. The project lacks a clear, immediate objective. We must choose **one** primary mission to focus on.

-----

### \#\# The Path Forward: A Strategic Choice

**Gemini:** The team's analysis is clear. We have a bug, a structural flaw, and a lack of focus. Here is our unified plan:

1.  **Immediate Fix:** Correct the recursion bug in the `FinityNumber` class using the code Glitch provided.

2.  **Structural Refactor:** You **must** now abandon the monolithic notebook and implement the modular file structure that Athena outlined. Move your `FinityNumber`, interpreter, parser, and tokenizer code into `finity_core.py`, and your test cases into separate files in a `test_suites` directory. This will solve the memory crashes and `NameError` issues.

3.  **Strategic Focus:** We must choose our next objective. What is the single most important goal right now?

      * **Option A: Complete the Finity Language Core.** Focus on making the language Turing-complete by implementing loops (`^`) and then arrays/lists.
      * **Option B: Perfect the CPSAIL Vision Module.** Focus on the OCR task, implementing the advanced deskewing and contour-finding pipeline and the `pytest` validation framework.

Excellent choice. A focused objective is the key to progress. We will now begin the implementation of the `^` (while) loop.

This is the final major feature required to make the Finitude language core **Turing-complete**, meaning it will be capable of performing any computational task that a traditional programming language can.

We will proceed with the masterclass protocol.

-----

### \#\# Group Chat: Project Sentinel - Loop Implementation

**Gemini:** The strategic decision is made. We are focusing on the Finity language core. Let's begin the masterclass implementation of the `^` (while) loop. Team, lay out the plan.

**Athena:** Architecturally, a loop is a conditional statement that repeats. For consistency and clarity, its syntax should mirror the `?` (if) statement. The semantics are that of a standard `while` loop.

### 1\. Syntax Definition

The syntax for a loop will be the `^` token, followed by a mandatory parenthesized condition, a code block in curly braces `{}`, and a closing semicolon `;`.

**Example in Finity:**

```
~@ counter => 0;
^ (<|| counter 5) {
  # This code will execute 5 times
  counter => +|> counter 1;
};
```

The condition is evaluated before each potential execution of the block. If the result is `1.0` (true), the block is executed, and the process repeats. If the result is `0.0` (false), the block is skipped, and execution continues after the loop.

-----

**Claude:** The first step is purely mechanical: updating the tokenizer to recognize the `^` symbol.

### 2\. Tokenizer Update

In `finity_core.py`, add the `WHILE` token to your `token_specification` list. It should already be there from our earlier work, but we will confirm its place.

```python
# In your tokenize function's token_specification list
('IF',         r'\?'),
('WHILE',      r'\^'), # Add this token for loops
('LPAREN',     r'\('),
#... etc.
```

-----

**Janus:** My test suite for this feature must be rigorous. It will not only test for correct behavior but also for safety. An interpreter must **never** crash due to an infinite loop in the user's code; it must halt gracefully.

### 3\. The Failing Test Suite

Create a new file, `test_suites/test_loops.py`. This test **will fail** until the parser and interpreter are fully updated.

**`test_suites/test_loops.py`:**

```python
from finity_core import FinityNumber, tokenize, CorrectedParser, CorrectedInterpreter
import pytest

# Janus's Mandated Test Suite for Loop Logic
code_loop_tests = """
    # Test 7.1: Basic loop that runs a few times
    ~@ counter_a => 0;
    ^ (<|| counter_a 3) {
      counter_a => +|> counter_a 1;
    }; # Expected: counter_a should be 3.0

    # Test 7.2: Loop that never runs (condition is initially false)
    ~@ counter_b => 5;
    ^ (==| counter_b 0) {
        counter_b => 100; # This should not execute
    }; # Expected: counter_b should remain 5.0

    # Test 7.3: Loop with an if-statement
    ~@ result => 0;
    ~@ j => 0;
    ^ (<|| j 5) {
        ? ( >|| j 2) {
            result => +|> result 1; # Should run for j=3 and j=4
        };
        j => +|> j 1;
    }; # Expected: result should be 2.0
"""

# Janus's Safety Mandate: The Infinite Loop Test
code_infinite_loop_test = """
    ~@ forever => 1;
    ^ (==| forever 1) {
        # This loop never terminates
    };
"""

def run_tests():
    print("--- Running Loop Logic Test Suite ---")
    # ... (Add logic to run code_loop_tests and check expected values) ...

    print("\n--- Running Loop Safety Test (Infinite Loop) ---")
    try:
        tokens = tokenize(code_infinite_loop_test)
        parser = CorrectedParser(tokens)
        ast = parser.parse()
        interpreter = CorrectedInterpreter()
        interpreter.interpret(ast)
        # If we get here, the test has FAILED.
        print("SAFETY TEST FAILED: Infinite loop did not cause a RuntimeError.")
    except RuntimeError as e:
        if "Maximum loop iterations exceeded" in str(e):
            print("SAFETY TEST PASSED: Correctly caught infinite loop.")
        else:
            print(f"SAFETY TEST FAILED: Caught an unexpected error: {e}")

```

*Note from Janus: The `factorial` test revealed a weakness with recursion. The same weakness exists for loops. The interpreter **must** include an iteration limiter to prevent infinite loops from consuming all resources and crashing the kernel.*

-----

**Gemini:** The final steps are to implement the logic that makes Janus's tests pass.

### 4\. Parser and Interpreter Implementation

  * **Parser Update:** In `parse_statement` within your `CorrectedParser`, add a new `elif` branch for the `WHILE` token. The logic will be nearly identical to the `IF` statement's parser:

      * Consume `^`, `(`, the condition expression, `)`, `{`, the body statements, `}`, and finally `;`.
      * Create a `WHILE_STATEMENT` AST node containing the `condition` and `body`.

  * **Interpreter Update:** This is the most critical step. In `execute` within your `CorrectedInterpreter`, add a new `elif` branch for the `WHILE_STATEMENT` node. It must include a safety-first iteration limit.

    ```python
    # In the CorrectedInterpreter's execute method
    elif node['type'] == 'WHILE_STATEMENT':
        # Janus's Safety Mandate: Add an iteration limiter
        iteration_count = 0
        MAX_ITERATIONS = 10000 # A safe default limit

        while self.evaluate(node['condition']).get_value() == 1.0:
            iteration_count += 1
            if iteration_count > MAX_ITERATIONS:
                raise RuntimeError(f"Maximum loop iterations exceeded ({MAX_ITERATIONS})")

            # Execute the loop body
            for body_node in node['body']:
                self.execute(body_node)
    ```

This completes the plan. Once Janus's test suite passes, the Finitude language will be a complete, robust, and safe computational tool.

Understood. Let's get started.

-----

### \#\# Group Chat: Project Sentinel - Loop Implementation

**Gemini:** Excellent. The plan is in motion. The first step is a simple code update to your tokenizer.

**Claude:** Correct. Before we can write the tests or the interpreter logic, the language's vocabulary must be updated. Please open your `finity_core.py` file and ensure the `token_specification` list in your `tokenize` function includes the `WHILE` token (`r'\^'`).

Here is the relevant section of the list for confirmation:

```python
# In your tokenize function's token_specification list
...
('EQ',         r'==\|'),
('NE',         r'!=|'),
('GT',         r'>\|\|'),
('LT',         r'<\|\|'),
('GE',         r'>=\|\|'),
('LE',         r'<=\|\|'),
('IF',         r'\?'),
('WHILE',      r'\^'), # This is the token for the loop
('LPAREN',     r'\('),
('RPAREN',     r'\)'),
('LBRACE',     r'\{'),
('RBRACE',     r'\}'),
...
```

Once you've confirmed this token is present, the next step will be to create the `test_suites/test_loops.py` file and populate it with Janus's failing test suite. Let us know when you're ready for that step.
